{"contracts/IVotable.sol":{"l":{},"path":"/Users/ruslanvanin/Projects/RedDuckMilestones/milestone1/contracts/IVotable.sol","s":{},"b":{},"f":{},"fnMap":{},"statementMap":{},"branchMap":{}},"contracts/old.sol":{"l":{},"path":"/Users/ruslanvanin/Projects/RedDuckMilestones/milestone1/contracts/old.sol","s":{},"b":{},"f":{},"fnMap":{},"statementMap":{},"branchMap":{}},"contracts/VotableERC20.sol":{"l":{"61":3,"62":2,"66":19,"67":18,"68":17,"69":16,"73":78,"74":78,"75":78,"76":78,"77":78,"78":78,"79":78,"80":78,"81":78,"82":78,"83":78,"84":78,"85":78,"89":2,"90":1,"94":1,"95":1,"96":1,"99":1,"101":1,"103":1,"107":29,"109":29,"113":30,"115":29,"116":29,"117":29,"119":29,"121":29,"123":29,"127":1,"128":1,"129":1,"131":1,"133":1,"135":1,"139":2,"141":2,"145":3,"147":2,"148":2,"149":2,"151":2,"153":2,"155":2,"159":14,"160":13,"161":12,"162":12,"163":12,"164":12,"170":13,"172":13,"174":13,"176":13,"180":3,"182":3,"184":3,"186":3,"188":3,"192":2,"194":1,"195":1,"196":1,"197":1,"198":1,"199":1,"200":1,"204":0,"208":5,"210":5,"214":41,"218":2,"219":2,"220":1,"224":2,"225":2,"226":2,"227":2,"228":1,"229":1,"233":0,"237":2,"239":2,"240":2,"244":55,"248":5,"250":5,"251":11,"254":5,"258":5,"260":5,"261":0,"264":5,"266":5,"270":4,"271":4,"272":2,"274":2,"275":2,"277":2,"281":29,"282":29,"286":2,"287":2,"291":5,"292":5,"294":5,"295":5,"297":5,"299":5,"300":3,"302":0,"303":0,"304":0,"305":0,"307":1,"308":1,"309":1,"310":1,"312":1,"313":1,"314":1,"315":1,"316":1,"317":1,"322":5,"324":5,"325":3,"327":1,"328":1,"329":1,"330":1,"333":0,"334":0,"335":0,"336":0,"339":1,"340":1,"345":13,"347":13,"349":13,"350":9,"351":9,"352":9,"354":2,"355":2,"356":2,"357":2,"359":1,"360":1,"361":1,"362":1,"364":1,"365":1,"366":1,"367":1,"368":1,"371":13,"372":13,"373":13,"375":13,"379":18,"385":18,"386":9,"388":2,"389":2,"391":2,"393":2},"path":"/Users/ruslanvanin/Projects/RedDuckMilestones/milestone1/contracts/VotableERC20.sol","s":{"1":3,"2":19,"3":18,"4":17,"5":78,"6":78,"7":78,"8":78,"9":78,"10":78,"11":78,"12":78,"13":78,"14":78,"15":78,"16":78,"17":78,"18":2,"19":1,"20":1,"21":1,"22":1,"23":1,"24":1,"25":1,"26":29,"27":29,"28":30,"29":29,"30":29,"31":29,"32":29,"33":29,"34":29,"35":1,"36":1,"37":1,"38":1,"39":1,"40":1,"41":2,"42":2,"43":3,"44":2,"45":2,"46":2,"47":2,"48":2,"49":2,"50":14,"51":13,"52":12,"53":12,"54":12,"55":13,"56":13,"57":13,"58":13,"59":3,"60":3,"61":3,"62":3,"63":3,"64":2,"65":1,"66":1,"67":1,"68":1,"69":1,"70":1,"71":1,"72":0,"73":5,"74":5,"75":41,"76":2,"77":2,"78":1,"79":2,"80":2,"81":2,"82":2,"83":1,"84":1,"85":0,"86":2,"87":2,"88":2,"89":55,"90":5,"91":5,"92":11,"93":5,"94":5,"95":5,"96":0,"97":5,"98":5,"99":4,"100":4,"101":2,"102":2,"103":2,"104":2,"105":29,"106":29,"107":2,"108":2,"109":5,"110":5,"111":5,"112":5,"113":5,"114":5,"115":3,"116":2,"117":0,"118":0,"119":0,"120":0,"121":2,"122":1,"123":1,"124":1,"125":1,"126":1,"127":1,"128":1,"129":1,"130":1,"131":1,"132":5,"133":5,"134":3,"135":2,"136":1,"137":1,"138":1,"139":1,"140":1,"141":0,"142":0,"143":0,"144":0,"145":1,"146":1,"147":1,"148":13,"149":13,"150":13,"151":9,"152":9,"153":9,"154":4,"155":2,"156":2,"157":2,"158":2,"159":2,"160":1,"161":1,"162":1,"163":1,"164":1,"165":1,"166":1,"167":1,"168":1,"169":13,"170":13,"171":18,"172":18,"173":9,"174":9,"175":2,"176":2,"177":7,"178":2,"179":5,"180":2},"b":{"1":[2,1],"2":[18,1],"3":[17,1],"4":[16,1],"5":[1,1],"6":[1,0],"7":[1,0],"8":[1,0],"9":[29,0],"10":[29,1],"11":[29,0],"12":[1,0],"13":[1,0],"14":[1,0],"15":[2,0],"16":[2,1],"17":[2,0],"18":[13,1],"19":[12,1],"20":[3,0],"21":[1,1],"22":[2,0],"23":[2,0],"24":[2,0],"25":[5,0],"26":[4,0],"27":[2,2],"28":[2,0],"29":[5,0],"30":[3,2],"31":[0,2],"32":[0,0],"33":[1,1],"34":[1,0],"35":[1,0],"36":[1,0],"37":[3,2],"38":[1,1],"39":[1,0],"40":[0,1],"41":[0,0],"42":[1,0],"43":[9,4],"44":[2,2],"45":[2,0],"46":[1,1],"47":[1,0],"48":[1,0],"49":[1,0],"50":[18,0],"51":[9,9],"52":[2,7],"53":[2,0],"54":[2,0],"55":[2,5],"56":[2,0],"57":[2,3],"58":[2,0]},"f":{"1":3,"2":19,"3":78,"4":2,"5":1,"6":29,"7":30,"8":1,"9":2,"10":3,"11":14,"12":13,"13":3,"14":2,"15":0,"16":5,"17":41,"18":2,"19":2,"20":0,"21":2,"22":55,"23":5,"24":5,"25":4,"26":29,"27":2,"28":5,"29":5,"30":13,"31":18},"fnMap":{"1":{"name":"onlyOwner","line":60,"loc":{"start":{"line":60,"column":4},"end":{"line":63,"column":4}}},"2":{"name":"isAllowToVote","line":65,"loc":{"start":{"line":65,"column":4},"end":{"line":70,"column":4}}},"3":{"name":"constructor","line":72,"loc":{"start":{"line":72,"column":4},"end":{"line":86,"column":4}}},"4":{"name":"setFeePercent","line":88,"loc":{"start":{"line":88,"column":4},"end":{"line":91,"column":4}}},"5":{"name":"voterBuy","line":93,"loc":{"start":{"line":93,"column":4},"end":{"line":104,"column":4}}},"6":{"name":"buy","line":106,"loc":{"start":{"line":106,"column":4},"end":{"line":110,"column":4}}},"7":{"name":"_buy","line":112,"loc":{"start":{"line":112,"column":4},"end":{"line":124,"column":4}}},"8":{"name":"voterSell","line":126,"loc":{"start":{"line":126,"column":4},"end":{"line":136,"column":4}}},"9":{"name":"sell","line":138,"loc":{"start":{"line":138,"column":4},"end":{"line":142,"column":4}}},"10":{"name":"_sell","line":144,"loc":{"start":{"line":144,"column":4},"end":{"line":156,"column":4}}},"11":{"name":"startVote","line":158,"loc":{"start":{"line":158,"column":4},"end":{"line":165,"column":4}}},"12":{"name":"addVotePrice","line":168,"loc":{"start":{"line":168,"column":4},"end":{"line":177,"column":4}}},"13":{"name":"vote","line":179,"loc":{"start":{"line":179,"column":4},"end":{"line":189,"column":4}}},"14":{"name":"endVote","line":191,"loc":{"start":{"line":191,"column":4},"end":{"line":201,"column":4}}},"15":{"name":"totalSupply","line":203,"loc":{"start":{"line":203,"column":4},"end":{"line":205,"column":4}}},"16":{"name":"totalOfPrice","line":207,"loc":{"start":{"line":207,"column":4},"end":{"line":211,"column":4}}},"17":{"name":"balanceOf","line":213,"loc":{"start":{"line":213,"column":4},"end":{"line":215,"column":4}}},"18":{"name":"transfer","line":217,"loc":{"start":{"line":217,"column":4},"end":{"line":221,"column":4}}},"19":{"name":"transferFrom","line":223,"loc":{"start":{"line":223,"column":4},"end":{"line":230,"column":4}}},"20":{"name":"allowance","line":232,"loc":{"start":{"line":232,"column":4},"end":{"line":234,"column":4}}},"21":{"name":"approve","line":236,"loc":{"start":{"line":236,"column":4},"end":{"line":241,"column":4}}},"22":{"name":"isVoterOfCurrentVotes","line":243,"loc":{"start":{"line":243,"column":4},"end":{"line":245,"column":4}}},"23":{"name":"voteNodes","line":247,"loc":{"start":{"line":247,"column":4},"end":{"line":255,"column":4}}},"24":{"name":"_findNodeIndex","line":257,"loc":{"start":{"line":257,"column":4},"end":{"line":267,"column":4}}},"25":{"name":"_transfer","line":269,"loc":{"start":{"line":269,"column":4},"end":{"line":278,"column":4}}},"26":{"name":"_mint","line":280,"loc":{"start":{"line":280,"column":4},"end":{"line":283,"column":4}}},"27":{"name":"_burn","line":285,"loc":{"start":{"line":285,"column":4},"end":{"line":288,"column":4}}},"28":{"name":"_moveNode","line":290,"loc":{"start":{"line":290,"column":4},"end":{"line":319,"column":4}}},"29":{"name":"_updatePrevAndNext","line":321,"loc":{"start":{"line":321,"column":4},"end":{"line":342,"column":4}}},"30":{"name":"_insert","line":344,"loc":{"start":{"line":344,"column":4},"end":{"line":376,"column":4}}},"31":{"name":"_checkPrevNextNodeIndex","line":378,"loc":{"start":{"line":378,"column":4},"end":{"line":395,"column":4}}}},"statementMap":{"1":{"start":{"line":61,"column":8},"end":{"line":61,"column":58}},"2":{"start":{"line":66,"column":8},"end":{"line":66,"column":71}},"3":{"start":{"line":67,"column":8},"end":{"line":67,"column":72}},"4":{"start":{"line":68,"column":8},"end":{"line":68,"column":83}},"5":{"start":{"line":73,"column":8},"end":{"line":73,"column":19}},"6":{"start":{"line":74,"column":8},"end":{"line":74,"column":23}},"7":{"start":{"line":75,"column":8},"end":{"line":75,"column":31}},"8":{"start":{"line":76,"column":8},"end":{"line":76,"column":39}},"9":{"start":{"line":77,"column":8},"end":{"line":77,"column":34}},"10":{"start":{"line":78,"column":8},"end":{"line":78,"column":31}},"11":{"start":{"line":79,"column":8},"end":{"line":79,"column":67}},"12":{"start":{"line":80,"column":8},"end":{"line":80,"column":31}},"13":{"start":{"line":81,"column":8},"end":{"line":81,"column":20}},"14":{"start":{"line":82,"column":8},"end":{"line":82,"column":20}},"15":{"start":{"line":83,"column":8},"end":{"line":83,"column":20}},"16":{"start":{"line":84,"column":8},"end":{"line":84,"column":26}},"17":{"start":{"line":85,"column":8},"end":{"line":85,"column":29}},"18":{"start":{"line":89,"column":8},"end":{"line":89,"column":78}},"19":{"start":{"line":90,"column":8},"end":{"line":90,"column":34}},"20":{"start":{"line":94,"column":8},"end":{"line":94,"column":78}},"21":{"start":{"line":95,"column":8},"end":{"line":95,"column":110}},"22":{"start":{"line":96,"column":8},"end":{"line":96,"column":105}},"23":{"start":{"line":99,"column":8},"end":{"line":99,"column":37}},"24":{"start":{"line":101,"column":8},"end":{"line":101,"column":106}},"25":{"start":{"line":103,"column":8},"end":{"line":103,"column":71}},"26":{"start":{"line":107,"column":8},"end":{"line":107,"column":88}},"27":{"start":{"line":109,"column":8},"end":{"line":109,"column":13}},"28":{"start":{"line":113,"column":8},"end":{"line":113,"column":63}},"29":{"start":{"line":115,"column":8},"end":{"line":115,"column":60}},"30":{"start":{"line":116,"column":8},"end":{"line":116,"column":42}},"31":{"start":{"line":117,"column":8},"end":{"line":117,"column":51}},"32":{"start":{"line":119,"column":8},"end":{"line":119,"column":100}},"33":{"start":{"line":121,"column":8},"end":{"line":121,"column":37}},"34":{"start":{"line":123,"column":8},"end":{"line":123,"column":26}},"35":{"start":{"line":127,"column":8},"end":{"line":127,"column":79}},"36":{"start":{"line":128,"column":8},"end":{"line":128,"column":110}},"37":{"start":{"line":129,"column":8},"end":{"line":129,"column":105}},"38":{"start":{"line":131,"column":8},"end":{"line":131,"column":27}},"39":{"start":{"line":133,"column":8},"end":{"line":133,"column":107}},"40":{"start":{"line":135,"column":8},"end":{"line":135,"column":71}},"41":{"start":{"line":139,"column":8},"end":{"line":139,"column":89}},"42":{"start":{"line":141,"column":8},"end":{"line":141,"column":27}},"43":{"start":{"line":145,"column":8},"end":{"line":145,"column":79}},"44":{"start":{"line":147,"column":8},"end":{"line":147,"column":59}},"45":{"start":{"line":148,"column":8},"end":{"line":148,"column":64}},"46":{"start":{"line":149,"column":8},"end":{"line":149,"column":47}},"47":{"start":{"line":151,"column":8},"end":{"line":151,"column":95}},"48":{"start":{"line":153,"column":8},"end":{"line":153,"column":38}},"49":{"start":{"line":155,"column":8},"end":{"line":155,"column":46}},"50":{"start":{"line":159,"column":8},"end":{"line":159,"column":60}},"51":{"start":{"line":160,"column":8},"end":{"line":160,"column":111}},"52":{"start":{"line":161,"column":8},"end":{"line":161,"column":22}},"53":{"start":{"line":162,"column":8},"end":{"line":162,"column":51}},"54":{"start":{"line":164,"column":8},"end":{"line":164,"column":39}},"55":{"start":{"line":170,"column":8},"end":{"line":170,"column":134}},"56":{"start":{"line":172,"column":8},"end":{"line":172,"column":83}},"57":{"start":{"line":174,"column":8},"end":{"line":174,"column":83}},"58":{"start":{"line":176,"column":8},"end":{"line":176,"column":46}},"59":{"start":{"line":180,"column":8},"end":{"line":180,"column":189}},"60":{"start":{"line":182,"column":8},"end":{"line":182,"column":120}},"61":{"start":{"line":184,"column":8},"end":{"line":184,"column":71}},"62":{"start":{"line":186,"column":8},"end":{"line":186,"column":79}},"63":{"start":{"line":188,"column":8},"end":{"line":188,"column":46}},"64":{"start":{"line":192,"column":8},"end":{"line":192,"column":73}},"65":{"start":{"line":194,"column":8},"end":{"line":194,"column":77}},"66":{"start":{"line":195,"column":8},"end":{"line":195,"column":20}},"67":{"start":{"line":196,"column":8},"end":{"line":196,"column":20}},"68":{"start":{"line":197,"column":8},"end":{"line":197,"column":20}},"69":{"start":{"line":198,"column":8},"end":{"line":198,"column":26}},"70":{"start":{"line":199,"column":8},"end":{"line":199,"column":23}},"71":{"start":{"line":200,"column":8},"end":{"line":200,"column":37}},"72":{"start":{"line":204,"column":8},"end":{"line":204,"column":31}},"73":{"start":{"line":208,"column":8},"end":{"line":208,"column":51}},"74":{"start":{"line":210,"column":8},"end":{"line":210,"column":70}},"75":{"start":{"line":214,"column":8},"end":{"line":214,"column":33}},"76":{"start":{"line":218,"column":8},"end":{"line":218,"column":93}},"77":{"start":{"line":219,"column":8},"end":{"line":219,"column":42}},"78":{"start":{"line":220,"column":8},"end":{"line":220,"column":19}},"79":{"start":{"line":224,"column":8},"end":{"line":224,"column":93}},"80":{"start":{"line":225,"column":8},"end":{"line":225,"column":64}},"81":{"start":{"line":226,"column":8},"end":{"line":226,"column":80}},"82":{"start":{"line":227,"column":8},"end":{"line":227,"column":37}},"83":{"start":{"line":228,"column":8},"end":{"line":228,"column":65}},"84":{"start":{"line":229,"column":8},"end":{"line":229,"column":19}},"85":{"start":{"line":233,"column":8},"end":{"line":233,"column":43}},"86":{"start":{"line":237,"column":8},"end":{"line":237,"column":49}},"87":{"start":{"line":239,"column":8},"end":{"line":239,"column":52}},"88":{"start":{"line":240,"column":8},"end":{"line":240,"column":19}},"89":{"start":{"line":244,"column":8},"end":{"line":244,"column":68}},"90":{"start":{"line":248,"column":8},"end":{"line":248,"column":56}},"91":{"start":{"line":250,"column":8},"end":{"line":250,"column":9400}},"92":{"start":{"line":251,"column":12},"end":{"line":251,"column":48}},"93":{"start":{"line":254,"column":8},"end":{"line":254,"column":25}},"94":{"start":{"line":258,"column":8},"end":{"line":258,"column":36}},"95":{"start":{"line":260,"column":8},"end":{"line":260,"column":9677}},"96":{"start":{"line":261,"column":12},"end":{"line":261,"column":67}},"97":{"start":{"line":264,"column":8},"end":{"line":264,"column":138}},"98":{"start":{"line":266,"column":8},"end":{"line":266,"column":31}},"99":{"start":{"line":270,"column":8},"end":{"line":270,"column":71}},"100":{"start":{"line":271,"column":8},"end":{"line":271,"column":67}},"101":{"start":{"line":272,"column":8},"end":{"line":272,"column":61}},"102":{"start":{"line":274,"column":8},"end":{"line":274,"column":31}},"103":{"start":{"line":275,"column":8},"end":{"line":275,"column":29}},"104":{"start":{"line":277,"column":8},"end":{"line":277,"column":39}},"105":{"start":{"line":281,"column":8},"end":{"line":281,"column":29}},"106":{"start":{"line":282,"column":8},"end":{"line":282,"column":33}},"107":{"start":{"line":286,"column":8},"end":{"line":286,"column":31}},"108":{"start":{"line":287,"column":8},"end":{"line":287,"column":33}},"109":{"start":{"line":291,"column":8},"end":{"line":291,"column":61}},"110":{"start":{"line":292,"column":8},"end":{"line":292,"column":68}},"111":{"start":{"line":294,"column":8},"end":{"line":294,"column":95}},"112":{"start":{"line":295,"column":8},"end":{"line":295,"column":62}},"113":{"start":{"line":297,"column":8},"end":{"line":297,"column":50}},"114":{"start":{"line":299,"column":8},"end":{"line":299,"column":11252}},"115":{"start":{"line":300,"column":12},"end":{"line":300,"column":18}},"116":{"start":{"line":301,"column":15},"end":{"line":301,"column":11327}},"117":{"start":{"line":302,"column":12},"end":{"line":302,"column":178}},"118":{"start":{"line":303,"column":12},"end":{"line":303,"column":33}},"119":{"start":{"line":304,"column":12},"end":{"line":304,"column":44}},"120":{"start":{"line":305,"column":12},"end":{"line":305,"column":59}},"121":{"start":{"line":306,"column":15},"end":{"line":306,"column":11694}},"122":{"start":{"line":307,"column":12},"end":{"line":307,"column":178}},"123":{"start":{"line":308,"column":12},"end":{"line":308,"column":33}},"124":{"start":{"line":309,"column":12},"end":{"line":309,"column":44}},"125":{"start":{"line":310,"column":12},"end":{"line":310,"column":59}},"126":{"start":{"line":312,"column":12},"end":{"line":312,"column":147}},"127":{"start":{"line":313,"column":12},"end":{"line":313,"column":147}},"128":{"start":{"line":314,"column":12},"end":{"line":314,"column":44}},"129":{"start":{"line":315,"column":12},"end":{"line":315,"column":44}},"130":{"start":{"line":316,"column":12},"end":{"line":316,"column":59}},"131":{"start":{"line":317,"column":12},"end":{"line":317,"column":59}},"132":{"start":{"line":322,"column":8},"end":{"line":322,"column":77}},"133":{"start":{"line":324,"column":8},"end":{"line":324,"column":12776}},"134":{"start":{"line":325,"column":12},"end":{"line":325,"column":18}},"135":{"start":{"line":326,"column":15},"end":{"line":326,"column":12832}},"136":{"start":{"line":327,"column":12},"end":{"line":327,"column":53}},"137":{"start":{"line":328,"column":12},"end":{"line":328,"column":40}},"138":{"start":{"line":329,"column":12},"end":{"line":329,"column":13063}},"139":{"start":{"line":330,"column":16},"end":{"line":330,"column":66}},"140":{"start":{"line":332,"column":15},"end":{"line":332,"column":13267}},"141":{"start":{"line":333,"column":12},"end":{"line":333,"column":53}},"142":{"start":{"line":334,"column":12},"end":{"line":334,"column":40}},"143":{"start":{"line":335,"column":12},"end":{"line":335,"column":13498}},"144":{"start":{"line":336,"column":16},"end":{"line":336,"column":66}},"145":{"start":{"line":338,"column":15},"end":{"line":338,"column":13702}},"146":{"start":{"line":339,"column":12},"end":{"line":339,"column":69}},"147":{"start":{"line":340,"column":12},"end":{"line":340,"column":69}},"148":{"start":{"line":345,"column":8},"end":{"line":345,"column":62}},"149":{"start":{"line":347,"column":8},"end":{"line":347,"column":27}},"150":{"start":{"line":349,"column":8},"end":{"line":349,"column":14283}},"151":{"start":{"line":350,"column":12},"end":{"line":350,"column":24}},"152":{"start":{"line":351,"column":12},"end":{"line":351,"column":24}},"153":{"start":{"line":352,"column":12},"end":{"line":352,"column":51}},"154":{"start":{"line":353,"column":15},"end":{"line":353,"column":14473}},"155":{"start":{"line":354,"column":12},"end":{"line":354,"column":189}},"156":{"start":{"line":355,"column":12},"end":{"line":355,"column":64}},"157":{"start":{"line":356,"column":12},"end":{"line":356,"column":38}},"158":{"start":{"line":357,"column":12},"end":{"line":357,"column":77}},"159":{"start":{"line":358,"column":15},"end":{"line":358,"column":14894}},"160":{"start":{"line":359,"column":12},"end":{"line":359,"column":189}},"161":{"start":{"line":360,"column":12},"end":{"line":360,"column":64}},"162":{"start":{"line":361,"column":12},"end":{"line":361,"column":38}},"163":{"start":{"line":362,"column":12},"end":{"line":362,"column":77}},"164":{"start":{"line":364,"column":12},"end":{"line":364,"column":158}},"165":{"start":{"line":365,"column":12},"end":{"line":365,"column":158}},"166":{"start":{"line":366,"column":12},"end":{"line":366,"column":77}},"167":{"start":{"line":367,"column":12},"end":{"line":367,"column":64}},"168":{"start":{"line":368,"column":12},"end":{"line":368,"column":64}},"169":{"start":{"line":372,"column":8},"end":{"line":372,"column":48}},"170":{"start":{"line":375,"column":8},"end":{"line":375,"column":34}},"171":{"start":{"line":379,"column":8},"end":{"line":379,"column":16116}},"172":{"start":{"line":385,"column":8},"end":{"line":385,"column":16327}},"173":{"start":{"line":386,"column":12},"end":{"line":386,"column":18}},"174":{"start":{"line":387,"column":15},"end":{"line":387,"column":16430}},"175":{"start":{"line":388,"column":12},"end":{"line":388,"column":109}},"176":{"start":{"line":389,"column":12},"end":{"line":389,"column":109}},"177":{"start":{"line":390,"column":16},"end":{"line":390,"column":16755}},"178":{"start":{"line":391,"column":12},"end":{"line":391,"column":135}},"179":{"start":{"line":392,"column":15},"end":{"line":392,"column":16957}},"180":{"start":{"line":393,"column":12},"end":{"line":393,"column":134}}},"branchMap":{"1":{"line":61,"type":"if","locations":[{"start":{"line":61,"column":8},"end":{"line":61,"column":8}},{"start":{"line":61,"column":8},"end":{"line":61,"column":8}}]},"2":{"line":66,"type":"if","locations":[{"start":{"line":66,"column":8},"end":{"line":66,"column":8}},{"start":{"line":66,"column":8},"end":{"line":66,"column":8}}]},"3":{"line":67,"type":"if","locations":[{"start":{"line":67,"column":8},"end":{"line":67,"column":8}},{"start":{"line":67,"column":8},"end":{"line":67,"column":8}}]},"4":{"line":68,"type":"if","locations":[{"start":{"line":68,"column":8},"end":{"line":68,"column":8}},{"start":{"line":68,"column":8},"end":{"line":68,"column":8}}]},"5":{"line":89,"type":"if","locations":[{"start":{"line":89,"column":8},"end":{"line":89,"column":8}},{"start":{"line":89,"column":8},"end":{"line":89,"column":8}}]},"6":{"line":94,"type":"if","locations":[{"start":{"line":94,"column":8},"end":{"line":94,"column":8}},{"start":{"line":94,"column":8},"end":{"line":94,"column":8}}]},"7":{"line":95,"type":"if","locations":[{"start":{"line":95,"column":8},"end":{"line":95,"column":8}},{"start":{"line":95,"column":8},"end":{"line":95,"column":8}}]},"8":{"line":96,"type":"if","locations":[{"start":{"line":96,"column":8},"end":{"line":96,"column":8}},{"start":{"line":96,"column":8},"end":{"line":96,"column":8}}]},"9":{"line":107,"type":"if","locations":[{"start":{"line":107,"column":8},"end":{"line":107,"column":8}},{"start":{"line":107,"column":8},"end":{"line":107,"column":8}}]},"10":{"line":113,"type":"if","locations":[{"start":{"line":113,"column":8},"end":{"line":113,"column":8}},{"start":{"line":113,"column":8},"end":{"line":113,"column":8}}]},"11":{"line":119,"type":"if","locations":[{"start":{"line":119,"column":8},"end":{"line":119,"column":8}},{"start":{"line":119,"column":8},"end":{"line":119,"column":8}}]},"12":{"line":127,"type":"if","locations":[{"start":{"line":127,"column":8},"end":{"line":127,"column":8}},{"start":{"line":127,"column":8},"end":{"line":127,"column":8}}]},"13":{"line":128,"type":"if","locations":[{"start":{"line":128,"column":8},"end":{"line":128,"column":8}},{"start":{"line":128,"column":8},"end":{"line":128,"column":8}}]},"14":{"line":129,"type":"if","locations":[{"start":{"line":129,"column":8},"end":{"line":129,"column":8}},{"start":{"line":129,"column":8},"end":{"line":129,"column":8}}]},"15":{"line":139,"type":"if","locations":[{"start":{"line":139,"column":8},"end":{"line":139,"column":8}},{"start":{"line":139,"column":8},"end":{"line":139,"column":8}}]},"16":{"line":145,"type":"if","locations":[{"start":{"line":145,"column":8},"end":{"line":145,"column":8}},{"start":{"line":145,"column":8},"end":{"line":145,"column":8}}]},"17":{"line":151,"type":"if","locations":[{"start":{"line":151,"column":8},"end":{"line":151,"column":8}},{"start":{"line":151,"column":8},"end":{"line":151,"column":8}}]},"18":{"line":159,"type":"if","locations":[{"start":{"line":159,"column":8},"end":{"line":159,"column":8}},{"start":{"line":159,"column":8},"end":{"line":159,"column":8}}]},"19":{"line":160,"type":"if","locations":[{"start":{"line":160,"column":8},"end":{"line":160,"column":8}},{"start":{"line":160,"column":8},"end":{"line":160,"column":8}}]},"20":{"line":180,"type":"if","locations":[{"start":{"line":180,"column":8},"end":{"line":180,"column":8}},{"start":{"line":180,"column":8},"end":{"line":180,"column":8}}]},"21":{"line":192,"type":"if","locations":[{"start":{"line":192,"column":8},"end":{"line":192,"column":8}},{"start":{"line":192,"column":8},"end":{"line":192,"column":8}}]},"22":{"line":218,"type":"if","locations":[{"start":{"line":218,"column":8},"end":{"line":218,"column":8}},{"start":{"line":218,"column":8},"end":{"line":218,"column":8}}]},"23":{"line":224,"type":"if","locations":[{"start":{"line":224,"column":8},"end":{"line":224,"column":8}},{"start":{"line":224,"column":8},"end":{"line":224,"column":8}}]},"24":{"line":226,"type":"if","locations":[{"start":{"line":226,"column":8},"end":{"line":226,"column":8}},{"start":{"line":226,"column":8},"end":{"line":226,"column":8}}]},"25":{"line":264,"type":"if","locations":[{"start":{"line":264,"column":8},"end":{"line":264,"column":8}},{"start":{"line":264,"column":8},"end":{"line":264,"column":8}}]},"26":{"line":270,"type":"if","locations":[{"start":{"line":270,"column":8},"end":{"line":270,"column":8}},{"start":{"line":270,"column":8},"end":{"line":270,"column":8}}]},"27":{"line":271,"type":"if","locations":[{"start":{"line":271,"column":8},"end":{"line":271,"column":8}},{"start":{"line":271,"column":8},"end":{"line":271,"column":8}}]},"28":{"line":272,"type":"if","locations":[{"start":{"line":272,"column":8},"end":{"line":272,"column":8}},{"start":{"line":272,"column":8},"end":{"line":272,"column":8}}]},"29":{"line":294,"type":"if","locations":[{"start":{"line":294,"column":8},"end":{"line":294,"column":8}},{"start":{"line":294,"column":8},"end":{"line":294,"column":8}}]},"30":{"line":299,"type":"if","locations":[{"start":{"line":299,"column":8},"end":{"line":299,"column":8}},{"start":{"line":299,"column":8},"end":{"line":299,"column":8}}]},"31":{"line":301,"type":"if","locations":[{"start":{"line":301,"column":15},"end":{"line":301,"column":15}},{"start":{"line":301,"column":15},"end":{"line":301,"column":15}}]},"32":{"line":302,"type":"if","locations":[{"start":{"line":302,"column":12},"end":{"line":302,"column":12}},{"start":{"line":302,"column":12},"end":{"line":302,"column":12}}]},"33":{"line":306,"type":"if","locations":[{"start":{"line":306,"column":15},"end":{"line":306,"column":15}},{"start":{"line":306,"column":15},"end":{"line":306,"column":15}}]},"34":{"line":307,"type":"if","locations":[{"start":{"line":307,"column":12},"end":{"line":307,"column":12}},{"start":{"line":307,"column":12},"end":{"line":307,"column":12}}]},"35":{"line":312,"type":"if","locations":[{"start":{"line":312,"column":12},"end":{"line":312,"column":12}},{"start":{"line":312,"column":12},"end":{"line":312,"column":12}}]},"36":{"line":313,"type":"if","locations":[{"start":{"line":313,"column":12},"end":{"line":313,"column":12}},{"start":{"line":313,"column":12},"end":{"line":313,"column":12}}]},"37":{"line":324,"type":"if","locations":[{"start":{"line":324,"column":8},"end":{"line":324,"column":8}},{"start":{"line":324,"column":8},"end":{"line":324,"column":8}}]},"38":{"line":326,"type":"if","locations":[{"start":{"line":326,"column":15},"end":{"line":326,"column":15}},{"start":{"line":326,"column":15},"end":{"line":326,"column":15}}]},"39":{"line":329,"type":"if","locations":[{"start":{"line":329,"column":12},"end":{"line":329,"column":12}},{"start":{"line":329,"column":12},"end":{"line":329,"column":12}}]},"40":{"line":332,"type":"if","locations":[{"start":{"line":332,"column":15},"end":{"line":332,"column":15}},{"start":{"line":332,"column":15},"end":{"line":332,"column":15}}]},"41":{"line":335,"type":"if","locations":[{"start":{"line":335,"column":12},"end":{"line":335,"column":12}},{"start":{"line":335,"column":12},"end":{"line":335,"column":12}}]},"42":{"line":338,"type":"if","locations":[{"start":{"line":338,"column":15},"end":{"line":338,"column":15}},{"start":{"line":338,"column":15},"end":{"line":338,"column":15}}]},"43":{"line":349,"type":"if","locations":[{"start":{"line":349,"column":8},"end":{"line":349,"column":8}},{"start":{"line":349,"column":8},"end":{"line":349,"column":8}}]},"44":{"line":353,"type":"if","locations":[{"start":{"line":353,"column":15},"end":{"line":353,"column":15}},{"start":{"line":353,"column":15},"end":{"line":353,"column":15}}]},"45":{"line":354,"type":"if","locations":[{"start":{"line":354,"column":12},"end":{"line":354,"column":12}},{"start":{"line":354,"column":12},"end":{"line":354,"column":12}}]},"46":{"line":358,"type":"if","locations":[{"start":{"line":358,"column":15},"end":{"line":358,"column":15}},{"start":{"line":358,"column":15},"end":{"line":358,"column":15}}]},"47":{"line":359,"type":"if","locations":[{"start":{"line":359,"column":12},"end":{"line":359,"column":12}},{"start":{"line":359,"column":12},"end":{"line":359,"column":12}}]},"48":{"line":364,"type":"if","locations":[{"start":{"line":364,"column":12},"end":{"line":364,"column":12}},{"start":{"line":364,"column":12},"end":{"line":364,"column":12}}]},"49":{"line":365,"type":"if","locations":[{"start":{"line":365,"column":12},"end":{"line":365,"column":12}},{"start":{"line":365,"column":12},"end":{"line":365,"column":12}}]},"50":{"line":379,"type":"if","locations":[{"start":{"line":379,"column":8},"end":{"line":379,"column":8}},{"start":{"line":379,"column":8},"end":{"line":379,"column":8}}]},"51":{"line":385,"type":"if","locations":[{"start":{"line":385,"column":8},"end":{"line":385,"column":8}},{"start":{"line":385,"column":8},"end":{"line":385,"column":8}}]},"52":{"line":387,"type":"if","locations":[{"start":{"line":387,"column":15},"end":{"line":387,"column":15}},{"start":{"line":387,"column":15},"end":{"line":387,"column":15}}]},"53":{"line":388,"type":"if","locations":[{"start":{"line":388,"column":12},"end":{"line":388,"column":12}},{"start":{"line":388,"column":12},"end":{"line":388,"column":12}}]},"54":{"line":389,"type":"if","locations":[{"start":{"line":389,"column":12},"end":{"line":389,"column":12}},{"start":{"line":389,"column":12},"end":{"line":389,"column":12}}]},"55":{"line":390,"type":"if","locations":[{"start":{"line":390,"column":16},"end":{"line":390,"column":16}},{"start":{"line":390,"column":16},"end":{"line":390,"column":16}}]},"56":{"line":391,"type":"if","locations":[{"start":{"line":391,"column":12},"end":{"line":391,"column":12}},{"start":{"line":391,"column":12},"end":{"line":391,"column":12}}]},"57":{"line":392,"type":"if","locations":[{"start":{"line":392,"column":15},"end":{"line":392,"column":15}},{"start":{"line":392,"column":15},"end":{"line":392,"column":15}}]},"58":{"line":393,"type":"if","locations":[{"start":{"line":393,"column":12},"end":{"line":393,"column":12}},{"start":{"line":393,"column":12},"end":{"line":393,"column":12}}]}}}}