{"contracts/ArrayLib.sol":{"l":{},"path":"/Users/ruslanvanin/Projects/RedDuckMilestones/milestone1/contracts/ArrayLib.sol","s":{},"b":{},"f":{},"fnMap":{},"statementMap":{},"branchMap":{}},"contracts/IVotable.sol":{"l":{},"path":"/Users/ruslanvanin/Projects/RedDuckMilestones/milestone1/contracts/IVotable.sol","s":{},"b":{},"f":{},"fnMap":{},"statementMap":{},"branchMap":{}},"contracts/old.sol":{"l":{},"path":"/Users/ruslanvanin/Projects/RedDuckMilestones/milestone1/contracts/old.sol","s":{},"b":{},"f":{},"fnMap":{},"statementMap":{},"branchMap":{}},"contracts/VotableERC20.sol":{"l":{"43":3,"44":2,"48":13,"49":12,"50":11,"54":78,"55":78,"56":78,"57":78,"58":78,"59":78,"60":78,"61":78,"65":2,"66":1,"70":25,"72":24,"73":24,"74":24,"76":24,"78":24,"80":24,"81":2,"84":24,"88":3,"90":2,"91":2,"92":2,"94":2,"96":2,"98":2,"100":2,"102":2,"106":14,"107":13,"108":12,"109":12,"110":12,"111":12,"117":10,"118":10,"120":9,"121":9,"122":9,"124":9,"128":1,"129":1,"131":1,"132":1,"134":1,"138":2,"140":1,"141":1,"142":1,"144":1,"145":1,"147":1,"148":1,"149":1,"154":1,"157":1,"158":1,"159":1,"160":1,"165":0,"169":11,"173":35,"177":3,"178":2,"182":3,"183":3,"184":3,"185":2,"186":2,"190":0,"194":3,"196":3,"197":3,"201":6,"202":6,"203":4,"205":4,"206":4,"208":4,"210":4,"214":6,"215":3,"216":0,"218":3,"224":24,"225":24,"229":2,"230":2},"path":"/Users/ruslanvanin/Projects/RedDuckMilestones/milestone1/contracts/VotableERC20.sol","s":{"1":3,"2":13,"3":12,"4":2,"5":25,"6":24,"7":24,"8":24,"9":24,"10":24,"11":24,"12":24,"13":3,"14":2,"15":2,"16":2,"17":2,"18":2,"19":2,"20":2,"21":2,"22":14,"23":13,"24":12,"25":10,"26":10,"27":9,"28":9,"29":1,"30":1,"31":1,"32":2,"33":1,"34":1,"35":1,"36":1,"37":1,"38":1,"39":1,"40":0,"41":11,"42":35,"43":3,"44":2,"45":3,"46":3,"47":3,"48":2,"49":0,"50":3,"51":3,"52":6,"53":6,"54":4,"55":4,"56":4,"57":6,"58":3},"b":{"1":[2,1],"2":[12,1],"3":[11,1],"4":[2,1],"5":[1,1],"6":[24,1],"7":[24,0],"8":[2,22],"9":[2,1],"10":[2,0],"11":[13,1],"12":[12,1],"13":[10,1],"14":[10,0],"15":[9,1],"16":[1,1],"17":[1,0],"18":[1,0],"19":[1,1],"20":[1,0],"21":[1,0],"22":[3,0],"23":[6,0],"24":[4,2],"25":[4,0],"26":[3,3],"27":[0,3]},"f":{"1":3,"2":13,"3":78,"4":2,"5":25,"6":3,"7":14,"8":10,"9":1,"10":2,"11":0,"12":11,"13":35,"14":3,"15":3,"16":0,"17":3,"18":6,"19":6,"20":24,"21":2},"fnMap":{"1":{"name":"onlyOwner","line":42,"loc":{"start":{"line":42,"column":4},"end":{"line":45,"column":4}}},"2":{"name":"isAllowToVote","line":47,"loc":{"start":{"line":47,"column":4},"end":{"line":51,"column":4}}},"3":{"name":"constructor","line":53,"loc":{"start":{"line":53,"column":4},"end":{"line":62,"column":4}}},"4":{"name":"setFeePercent","line":64,"loc":{"start":{"line":64,"column":4},"end":{"line":67,"column":4}}},"5":{"name":"buy","line":69,"loc":{"start":{"line":69,"column":4},"end":{"line":85,"column":4}}},"6":{"name":"sell","line":87,"loc":{"start":{"line":87,"column":4},"end":{"line":103,"column":4}}},"7":{"name":"startVote","line":105,"loc":{"start":{"line":105,"column":4},"end":{"line":112,"column":4}}},"8":{"name":"addVotePrice","line":116,"loc":{"start":{"line":116,"column":4},"end":{"line":125,"column":4}}},"9":{"name":"vote","line":127,"loc":{"start":{"line":127,"column":4},"end":{"line":135,"column":4}}},"10":{"name":"endVote","line":137,"loc":{"start":{"line":137,"column":4},"end":{"line":162,"column":4}}},"11":{"name":"totalSupply","line":164,"loc":{"start":{"line":164,"column":4},"end":{"line":166,"column":4}}},"12":{"name":"totalOfPrice","line":168,"loc":{"start":{"line":168,"column":4},"end":{"line":170,"column":4}}},"13":{"name":"balanceOf","line":172,"loc":{"start":{"line":172,"column":4},"end":{"line":174,"column":4}}},"14":{"name":"transfer","line":176,"loc":{"start":{"line":176,"column":4},"end":{"line":179,"column":4}}},"15":{"name":"transferFrom","line":181,"loc":{"start":{"line":181,"column":4},"end":{"line":187,"column":4}}},"16":{"name":"allowance","line":189,"loc":{"start":{"line":189,"column":4},"end":{"line":191,"column":4}}},"17":{"name":"approve","line":193,"loc":{"start":{"line":193,"column":4},"end":{"line":198,"column":4}}},"18":{"name":"_transfer","line":200,"loc":{"start":{"line":200,"column":4},"end":{"line":211,"column":4}}},"19":{"name":"_updateVoterAfterTransfer","line":213,"loc":{"start":{"line":213,"column":4},"end":{"line":221,"column":4}}},"20":{"name":"_mint","line":223,"loc":{"start":{"line":223,"column":4},"end":{"line":226,"column":4}}},"21":{"name":"_burn","line":228,"loc":{"start":{"line":228,"column":4},"end":{"line":231,"column":4}}}},"statementMap":{"1":{"start":{"line":43,"column":8},"end":{"line":43,"column":58}},"2":{"start":{"line":48,"column":8},"end":{"line":48,"column":71}},"3":{"start":{"line":49,"column":8},"end":{"line":49,"column":149}},"4":{"start":{"line":65,"column":8},"end":{"line":65,"column":78}},"5":{"start":{"line":70,"column":8},"end":{"line":70,"column":63}},"6":{"start":{"line":72,"column":8},"end":{"line":72,"column":60}},"7":{"start":{"line":73,"column":8},"end":{"line":73,"column":42}},"8":{"start":{"line":74,"column":8},"end":{"line":74,"column":51}},"9":{"start":{"line":76,"column":8},"end":{"line":76,"column":100}},"10":{"start":{"line":78,"column":8},"end":{"line":78,"column":37}},"11":{"start":{"line":80,"column":8},"end":{"line":80,"column":2744}},"12":{"start":{"line":84,"column":8},"end":{"line":84,"column":19}},"13":{"start":{"line":88,"column":8},"end":{"line":88,"column":79}},"14":{"start":{"line":90,"column":8},"end":{"line":90,"column":59}},"15":{"start":{"line":91,"column":8},"end":{"line":91,"column":64}},"16":{"start":{"line":92,"column":8},"end":{"line":92,"column":47}},"17":{"start":{"line":94,"column":8},"end":{"line":94,"column":95}},"18":{"start":{"line":96,"column":8},"end":{"line":96,"column":38}},"19":{"start":{"line":98,"column":8},"end":{"line":98,"column":58}},"20":{"start":{"line":100,"column":8},"end":{"line":100,"column":46}},"21":{"start":{"line":102,"column":8},"end":{"line":102,"column":19}},"22":{"start":{"line":106,"column":8},"end":{"line":106,"column":60}},"23":{"start":{"line":107,"column":8},"end":{"line":107,"column":111}},"24":{"start":{"line":111,"column":8},"end":{"line":111,"column":39}},"25":{"start":{"line":117,"column":8},"end":{"line":117,"column":124}},"26":{"start":{"line":118,"column":8},"end":{"line":118,"column":109}},"27":{"start":{"line":122,"column":8},"end":{"line":122,"column":42}},"28":{"start":{"line":124,"column":8},"end":{"line":124,"column":46}},"29":{"start":{"line":128,"column":8},"end":{"line":128,"column":91}},"30":{"start":{"line":129,"column":8},"end":{"line":129,"column":95}},"31":{"start":{"line":134,"column":8},"end":{"line":134,"column":46}},"32":{"start":{"line":138,"column":8},"end":{"line":138,"column":73}},"33":{"start":{"line":140,"column":8},"end":{"line":140,"column":28}},"34":{"start":{"line":141,"column":8},"end":{"line":141,"column":33}},"35":{"start":{"line":142,"column":8},"end":{"line":142,"column":27}},"36":{"start":{"line":144,"column":8},"end":{"line":144,"column":5479}},"37":{"start":{"line":147,"column":12},"end":{"line":147,"column":5618}},"38":{"start":{"line":157,"column":8},"end":{"line":157,"column":6029}},"39":{"start":{"line":160,"column":12},"end":{"line":160,"column":41}},"40":{"start":{"line":165,"column":8},"end":{"line":165,"column":31}},"41":{"start":{"line":169,"column":8},"end":{"line":169,"column":43}},"42":{"start":{"line":173,"column":8},"end":{"line":173,"column":33}},"43":{"start":{"line":177,"column":8},"end":{"line":177,"column":42}},"44":{"start":{"line":178,"column":8},"end":{"line":178,"column":19}},"45":{"start":{"line":182,"column":8},"end":{"line":182,"column":64}},"46":{"start":{"line":183,"column":8},"end":{"line":183,"column":80}},"47":{"start":{"line":184,"column":8},"end":{"line":184,"column":37}},"48":{"start":{"line":186,"column":8},"end":{"line":186,"column":19}},"49":{"start":{"line":190,"column":8},"end":{"line":190,"column":43}},"50":{"start":{"line":196,"column":8},"end":{"line":196,"column":52}},"51":{"start":{"line":197,"column":8},"end":{"line":197,"column":19}},"52":{"start":{"line":201,"column":8},"end":{"line":201,"column":71}},"53":{"start":{"line":202,"column":8},"end":{"line":202,"column":67}},"54":{"start":{"line":203,"column":8},"end":{"line":203,"column":61}},"55":{"start":{"line":208,"column":8},"end":{"line":208,"column":46}},"56":{"start":{"line":210,"column":8},"end":{"line":210,"column":39}},"57":{"start":{"line":214,"column":8},"end":{"line":214,"column":8017}},"58":{"start":{"line":215,"column":12},"end":{"line":215,"column":8141}}},"branchMap":{"1":{"line":43,"type":"if","locations":[{"start":{"line":43,"column":8},"end":{"line":43,"column":8}},{"start":{"line":43,"column":8},"end":{"line":43,"column":8}}]},"2":{"line":48,"type":"if","locations":[{"start":{"line":48,"column":8},"end":{"line":48,"column":8}},{"start":{"line":48,"column":8},"end":{"line":48,"column":8}}]},"3":{"line":49,"type":"if","locations":[{"start":{"line":49,"column":8},"end":{"line":49,"column":8}},{"start":{"line":49,"column":8},"end":{"line":49,"column":8}}]},"4":{"line":64,"type":"if","locations":[{"start":{"line":64,"column":58},"end":{"line":64,"column":58}},{"start":{"line":64,"column":58},"end":{"line":64,"column":58}}]},"5":{"line":65,"type":"if","locations":[{"start":{"line":65,"column":8},"end":{"line":65,"column":8}},{"start":{"line":65,"column":8},"end":{"line":65,"column":8}}]},"6":{"line":70,"type":"if","locations":[{"start":{"line":70,"column":8},"end":{"line":70,"column":8}},{"start":{"line":70,"column":8},"end":{"line":70,"column":8}}]},"7":{"line":76,"type":"if","locations":[{"start":{"line":76,"column":8},"end":{"line":76,"column":8}},{"start":{"line":76,"column":8},"end":{"line":76,"column":8}}]},"8":{"line":80,"type":"if","locations":[{"start":{"line":80,"column":8},"end":{"line":80,"column":8}},{"start":{"line":80,"column":8},"end":{"line":80,"column":8}}]},"9":{"line":88,"type":"if","locations":[{"start":{"line":88,"column":8},"end":{"line":88,"column":8}},{"start":{"line":88,"column":8},"end":{"line":88,"column":8}}]},"10":{"line":94,"type":"if","locations":[{"start":{"line":94,"column":8},"end":{"line":94,"column":8}},{"start":{"line":94,"column":8},"end":{"line":94,"column":8}}]},"11":{"line":106,"type":"if","locations":[{"start":{"line":106,"column":8},"end":{"line":106,"column":8}},{"start":{"line":106,"column":8},"end":{"line":106,"column":8}}]},"12":{"line":107,"type":"if","locations":[{"start":{"line":107,"column":8},"end":{"line":107,"column":8}},{"start":{"line":107,"column":8},"end":{"line":107,"column":8}}]},"13":{"line":116,"type":"if","locations":[{"start":{"line":116,"column":59},"end":{"line":116,"column":59}},{"start":{"line":116,"column":59},"end":{"line":116,"column":59}}]},"14":{"line":117,"type":"if","locations":[{"start":{"line":117,"column":8},"end":{"line":117,"column":8}},{"start":{"line":117,"column":8},"end":{"line":117,"column":8}}]},"15":{"line":118,"type":"if","locations":[{"start":{"line":118,"column":8},"end":{"line":118,"column":8}},{"start":{"line":118,"column":8},"end":{"line":118,"column":8}}]},"16":{"line":127,"type":"if","locations":[{"start":{"line":127,"column":60},"end":{"line":127,"column":60}},{"start":{"line":127,"column":60},"end":{"line":127,"column":60}}]},"17":{"line":128,"type":"if","locations":[{"start":{"line":128,"column":8},"end":{"line":128,"column":8}},{"start":{"line":128,"column":8},"end":{"line":128,"column":8}}]},"18":{"line":129,"type":"if","locations":[{"start":{"line":129,"column":8},"end":{"line":129,"column":8}},{"start":{"line":129,"column":8},"end":{"line":129,"column":8}}]},"19":{"line":138,"type":"if","locations":[{"start":{"line":138,"column":8},"end":{"line":138,"column":8}},{"start":{"line":138,"column":8},"end":{"line":138,"column":8}}]},"20":{"line":147,"type":"if","locations":[{"start":{"line":147,"column":12},"end":{"line":147,"column":12}},{"start":{"line":147,"column":12},"end":{"line":147,"column":12}}]},"21":{"line":157,"type":"if","locations":[{"start":{"line":157,"column":8},"end":{"line":157,"column":8}},{"start":{"line":157,"column":8},"end":{"line":157,"column":8}}]},"22":{"line":183,"type":"if","locations":[{"start":{"line":183,"column":8},"end":{"line":183,"column":8}},{"start":{"line":183,"column":8},"end":{"line":183,"column":8}}]},"23":{"line":201,"type":"if","locations":[{"start":{"line":201,"column":8},"end":{"line":201,"column":8}},{"start":{"line":201,"column":8},"end":{"line":201,"column":8}}]},"24":{"line":202,"type":"if","locations":[{"start":{"line":202,"column":8},"end":{"line":202,"column":8}},{"start":{"line":202,"column":8},"end":{"line":202,"column":8}}]},"25":{"line":203,"type":"if","locations":[{"start":{"line":203,"column":8},"end":{"line":203,"column":8}},{"start":{"line":203,"column":8},"end":{"line":203,"column":8}}]},"26":{"line":214,"type":"if","locations":[{"start":{"line":214,"column":8},"end":{"line":214,"column":8}},{"start":{"line":214,"column":8},"end":{"line":214,"column":8}}]},"27":{"line":215,"type":"if","locations":[{"start":{"line":215,"column":12},"end":{"line":215,"column":12}},{"start":{"line":215,"column":12},"end":{"line":215,"column":12}}]}}}}