TN:
SF:/Users/ruslanvanin/Projects/RedDuckMilestones/milestone1/contracts/IVotable.sol
FNF:0
FNH:0
LF:0
LH:0
BRF:0
BRH:0
end_of_record
TN:
SF:/Users/ruslanvanin/Projects/RedDuckMilestones/milestone1/contracts/old.sol
FNF:0
FNH:0
LF:0
LH:0
BRF:0
BRH:0
end_of_record
TN:
SF:/Users/ruslanvanin/Projects/RedDuckMilestones/milestone1/contracts/VotableERC20.sol
FN:60,onlyOwner
FN:65,isAllowToVote
FN:72,constructor
FN:88,setFeePercent
FN:93,voterBuy
FN:106,buy
FN:112,_buy
FN:126,voterSell
FN:138,sell
FN:144,_sell
FN:158,startVote
FN:168,addVotePrice
FN:179,vote
FN:191,endVote
FN:203,totalSupply
FN:207,totalOfPrice
FN:213,balanceOf
FN:217,transfer
FN:223,transferFrom
FN:232,allowance
FN:236,approve
FN:243,isVoterOfCurrentVotes
FN:247,voteNodes
FN:257,_findNodeIndex
FN:269,_transfer
FN:280,_mint
FN:285,_burn
FN:290,_moveNode
FN:321,_updatePrevAndNext
FN:344,_insert
FN:378,_checkPrevNextNodeIndex
FNF:31
FNH:29
FNDA:3,onlyOwner
FNDA:19,isAllowToVote
FNDA:78,constructor
FNDA:2,setFeePercent
FNDA:1,voterBuy
FNDA:29,buy
FNDA:30,_buy
FNDA:1,voterSell
FNDA:2,sell
FNDA:3,_sell
FNDA:14,startVote
FNDA:13,addVotePrice
FNDA:3,vote
FNDA:2,endVote
FNDA:0,totalSupply
FNDA:5,totalOfPrice
FNDA:41,balanceOf
FNDA:2,transfer
FNDA:2,transferFrom
FNDA:0,allowance
FNDA:2,approve
FNDA:55,isVoterOfCurrentVotes
FNDA:5,voteNodes
FNDA:5,_findNodeIndex
FNDA:4,_transfer
FNDA:29,_mint
FNDA:2,_burn
FNDA:5,_moveNode
FNDA:5,_updatePrevAndNext
FNDA:13,_insert
FNDA:18,_checkPrevNextNodeIndex
DA:61,3
DA:62,2
DA:66,19
DA:67,18
DA:68,17
DA:69,16
DA:73,78
DA:74,78
DA:75,78
DA:76,78
DA:77,78
DA:78,78
DA:79,78
DA:80,78
DA:81,78
DA:82,78
DA:83,78
DA:84,78
DA:85,78
DA:89,2
DA:90,1
DA:94,1
DA:95,1
DA:96,1
DA:99,1
DA:101,1
DA:103,1
DA:107,29
DA:109,29
DA:113,30
DA:115,29
DA:116,29
DA:117,29
DA:119,29
DA:121,29
DA:123,29
DA:127,1
DA:128,1
DA:129,1
DA:131,1
DA:133,1
DA:135,1
DA:139,2
DA:141,2
DA:145,3
DA:147,2
DA:148,2
DA:149,2
DA:151,2
DA:153,2
DA:155,2
DA:159,14
DA:160,13
DA:161,12
DA:162,12
DA:163,12
DA:164,12
DA:170,13
DA:172,13
DA:174,13
DA:176,13
DA:180,3
DA:182,3
DA:184,3
DA:186,3
DA:188,3
DA:192,2
DA:194,1
DA:195,1
DA:196,1
DA:197,1
DA:198,1
DA:199,1
DA:200,1
DA:204,0
DA:208,5
DA:210,5
DA:214,41
DA:218,2
DA:219,2
DA:220,1
DA:224,2
DA:225,2
DA:226,2
DA:227,2
DA:228,1
DA:229,1
DA:233,0
DA:237,2
DA:239,2
DA:240,2
DA:244,55
DA:248,5
DA:250,5
DA:251,11
DA:254,5
DA:258,5
DA:260,5
DA:261,0
DA:264,5
DA:266,5
DA:270,4
DA:271,4
DA:272,2
DA:274,2
DA:275,2
DA:277,2
DA:281,29
DA:282,29
DA:286,2
DA:287,2
DA:291,5
DA:292,5
DA:294,5
DA:295,5
DA:297,5
DA:299,5
DA:300,3
DA:302,0
DA:303,0
DA:304,0
DA:305,0
DA:307,1
DA:308,1
DA:309,1
DA:310,1
DA:312,1
DA:313,1
DA:314,1
DA:315,1
DA:316,1
DA:317,1
DA:322,5
DA:324,5
DA:325,3
DA:327,1
DA:328,1
DA:329,1
DA:330,1
DA:333,0
DA:334,0
DA:335,0
DA:336,0
DA:339,1
DA:340,1
DA:345,13
DA:347,13
DA:349,13
DA:350,9
DA:351,9
DA:352,9
DA:354,2
DA:355,2
DA:356,2
DA:357,2
DA:359,1
DA:360,1
DA:361,1
DA:362,1
DA:364,1
DA:365,1
DA:366,1
DA:367,1
DA:368,1
DA:371,13
DA:372,13
DA:373,13
DA:375,13
DA:379,18
DA:385,18
DA:386,9
DA:388,2
DA:389,2
DA:391,2
DA:393,2
LF:175
LH:164
BRDA:61,1,0,2
BRDA:61,1,1,1
BRDA:66,2,0,18
BRDA:66,2,1,1
BRDA:67,3,0,17
BRDA:67,3,1,1
BRDA:68,4,0,16
BRDA:68,4,1,1
BRDA:89,5,0,1
BRDA:89,5,1,1
BRDA:94,6,0,1
BRDA:94,6,1,0
BRDA:95,7,0,1
BRDA:95,7,1,0
BRDA:96,8,0,1
BRDA:96,8,1,0
BRDA:107,9,0,29
BRDA:107,9,1,0
BRDA:113,10,0,29
BRDA:113,10,1,1
BRDA:119,11,0,29
BRDA:119,11,1,0
BRDA:127,12,0,1
BRDA:127,12,1,0
BRDA:128,13,0,1
BRDA:128,13,1,0
BRDA:129,14,0,1
BRDA:129,14,1,0
BRDA:139,15,0,2
BRDA:139,15,1,0
BRDA:145,16,0,2
BRDA:145,16,1,1
BRDA:151,17,0,2
BRDA:151,17,1,0
BRDA:159,18,0,13
BRDA:159,18,1,1
BRDA:160,19,0,12
BRDA:160,19,1,1
BRDA:180,20,0,3
BRDA:180,20,1,0
BRDA:192,21,0,1
BRDA:192,21,1,1
BRDA:218,22,0,2
BRDA:218,22,1,0
BRDA:224,23,0,2
BRDA:224,23,1,0
BRDA:226,24,0,2
BRDA:226,24,1,0
BRDA:264,25,0,5
BRDA:264,25,1,0
BRDA:270,26,0,4
BRDA:270,26,1,0
BRDA:271,27,0,2
BRDA:271,27,1,2
BRDA:272,28,0,2
BRDA:272,28,1,0
BRDA:294,29,0,5
BRDA:294,29,1,0
BRDA:299,30,0,3
BRDA:299,30,1,2
BRDA:301,31,0,0
BRDA:301,31,1,2
BRDA:302,32,0,0
BRDA:302,32,1,0
BRDA:306,33,0,1
BRDA:306,33,1,1
BRDA:307,34,0,1
BRDA:307,34,1,0
BRDA:312,35,0,1
BRDA:312,35,1,0
BRDA:313,36,0,1
BRDA:313,36,1,0
BRDA:324,37,0,3
BRDA:324,37,1,2
BRDA:326,38,0,1
BRDA:326,38,1,1
BRDA:329,39,0,1
BRDA:329,39,1,0
BRDA:332,40,0,0
BRDA:332,40,1,1
BRDA:335,41,0,0
BRDA:335,41,1,0
BRDA:338,42,0,1
BRDA:338,42,1,0
BRDA:349,43,0,9
BRDA:349,43,1,4
BRDA:353,44,0,2
BRDA:353,44,1,2
BRDA:354,45,0,2
BRDA:354,45,1,0
BRDA:358,46,0,1
BRDA:358,46,1,1
BRDA:359,47,0,1
BRDA:359,47,1,0
BRDA:364,48,0,1
BRDA:364,48,1,0
BRDA:365,49,0,1
BRDA:365,49,1,0
BRDA:379,50,0,18
BRDA:379,50,1,0
BRDA:385,51,0,9
BRDA:385,51,1,9
BRDA:387,52,0,2
BRDA:387,52,1,7
BRDA:388,53,0,2
BRDA:388,53,1,0
BRDA:389,54,0,2
BRDA:389,54,1,0
BRDA:390,55,0,2
BRDA:390,55,1,5
BRDA:391,56,0,2
BRDA:391,56,1,0
BRDA:392,57,0,2
BRDA:392,57,1,3
BRDA:393,58,0,2
BRDA:393,58,1,0
BRF:116
BRH:78
end_of_record
