TN:
SF:/Users/ruslanvanin/Projects/RedDuckMilestones/milestone1/contracts/ArrayLib.sol
FNF:0
FNH:0
LF:0
LH:0
BRF:0
BRH:0
end_of_record
TN:
SF:/Users/ruslanvanin/Projects/RedDuckMilestones/milestone1/contracts/IVotable.sol
FNF:0
FNH:0
LF:0
LH:0
BRF:0
BRH:0
end_of_record
TN:
SF:/Users/ruslanvanin/Projects/RedDuckMilestones/milestone1/contracts/old.sol
FNF:0
FNH:0
LF:0
LH:0
BRF:0
BRH:0
end_of_record
TN:
SF:/Users/ruslanvanin/Projects/RedDuckMilestones/milestone1/contracts/VotableERC20.sol
FN:42,onlyOwner
FN:47,isAllowToVote
FN:53,constructor
FN:64,setFeePercent
FN:69,buy
FN:87,sell
FN:105,startVote
FN:116,addVotePrice
FN:127,vote
FN:137,endVote
FN:164,totalSupply
FN:168,totalOfPrice
FN:172,balanceOf
FN:176,transfer
FN:181,transferFrom
FN:189,allowance
FN:193,approve
FN:200,_transfer
FN:213,_updateVoterAfterTransfer
FN:223,_mint
FN:228,_burn
FNF:21
FNH:19
FNDA:3,onlyOwner
FNDA:13,isAllowToVote
FNDA:78,constructor
FNDA:2,setFeePercent
FNDA:25,buy
FNDA:3,sell
FNDA:14,startVote
FNDA:10,addVotePrice
FNDA:1,vote
FNDA:2,endVote
FNDA:0,totalSupply
FNDA:11,totalOfPrice
FNDA:35,balanceOf
FNDA:3,transfer
FNDA:3,transferFrom
FNDA:0,allowance
FNDA:3,approve
FNDA:6,_transfer
FNDA:6,_updateVoterAfterTransfer
FNDA:24,_mint
FNDA:2,_burn
DA:43,3
DA:44,2
DA:48,13
DA:49,12
DA:50,11
DA:54,78
DA:55,78
DA:56,78
DA:57,78
DA:58,78
DA:59,78
DA:60,78
DA:61,78
DA:65,2
DA:66,1
DA:70,25
DA:72,24
DA:73,24
DA:74,24
DA:76,24
DA:78,24
DA:80,24
DA:81,2
DA:84,24
DA:88,3
DA:90,2
DA:91,2
DA:92,2
DA:94,2
DA:96,2
DA:98,2
DA:100,2
DA:102,2
DA:106,14
DA:107,13
DA:108,12
DA:109,12
DA:110,12
DA:111,12
DA:117,10
DA:118,10
DA:120,9
DA:121,9
DA:122,9
DA:124,9
DA:128,1
DA:129,1
DA:131,1
DA:132,1
DA:134,1
DA:138,2
DA:140,1
DA:141,1
DA:142,1
DA:144,1
DA:145,1
DA:147,1
DA:148,1
DA:149,1
DA:154,1
DA:157,1
DA:158,1
DA:159,1
DA:160,1
DA:165,0
DA:169,11
DA:173,35
DA:177,3
DA:178,2
DA:182,3
DA:183,3
DA:184,3
DA:185,2
DA:186,2
DA:190,0
DA:194,3
DA:196,3
DA:197,3
DA:201,6
DA:202,6
DA:203,4
DA:205,4
DA:206,4
DA:208,4
DA:210,4
DA:214,6
DA:215,3
DA:216,0
DA:218,3
DA:224,24
DA:225,24
DA:229,2
DA:230,2
LF:93
LH:90
BRDA:43,1,0,2
BRDA:43,1,1,1
BRDA:48,2,0,12
BRDA:48,2,1,1
BRDA:49,3,0,11
BRDA:49,3,1,1
BRDA:64,4,0,2
BRDA:64,4,1,1
BRDA:65,5,0,1
BRDA:65,5,1,1
BRDA:70,6,0,24
BRDA:70,6,1,1
BRDA:76,7,0,24
BRDA:76,7,1,0
BRDA:80,8,0,2
BRDA:80,8,1,22
BRDA:88,9,0,2
BRDA:88,9,1,1
BRDA:94,10,0,2
BRDA:94,10,1,0
BRDA:106,11,0,13
BRDA:106,11,1,1
BRDA:107,12,0,12
BRDA:107,12,1,1
BRDA:116,13,0,10
BRDA:116,13,1,1
BRDA:117,14,0,10
BRDA:117,14,1,0
BRDA:118,15,0,9
BRDA:118,15,1,1
BRDA:127,16,0,1
BRDA:127,16,1,1
BRDA:128,17,0,1
BRDA:128,17,1,0
BRDA:129,18,0,1
BRDA:129,18,1,0
BRDA:138,19,0,1
BRDA:138,19,1,1
BRDA:147,20,0,1
BRDA:147,20,1,0
BRDA:157,21,0,1
BRDA:157,21,1,0
BRDA:183,22,0,3
BRDA:183,22,1,0
BRDA:201,23,0,6
BRDA:201,23,1,0
BRDA:202,24,0,4
BRDA:202,24,1,2
BRDA:203,25,0,4
BRDA:203,25,1,0
BRDA:214,26,0,3
BRDA:214,26,1,3
BRDA:215,27,0,0
BRDA:215,27,1,3
BRF:54
BRH:43
end_of_record
